[2026-05-08 00:00:33] [solid] [log] solid 로그 시작
[2026-05-08 00:00:33] [solid] [log] 로그 폴더: /home/devpi/refactoring/noise_monitor_refactor/logs/solid
[2026-05-08 00:00:35] [solid] [solid] opened serial port /dev/ttyACM0 at 230400bps
[2026-05-08 00:00:36] [solid] --------------------------------------------------
[2026-05-08 00:00:36] [solid] [solid] samples: [218, 214, 212, 206, 218] ...
[2026-05-08 00:00:36] [solid] [solid] sampling: 0.6168s, real_hz=1660.10Hz
[2026-05-08 00:00:36] [solid] [solid] moment=16.85 dBA, Leq=16.85 dBA (1/100)
[2026-05-08 00:00:36] [solid] [solid] processing=0.0007s
[2026-05-08 00:00:36] [solid] [solid] 소음 기준 초과 없음
[2026-05-08 00:00:37] [solid] --------------------------------------------------
[2026-05-08 00:00:37] [solid] [solid] samples: [212, 216, 218, 214, 202] ...
[2026-05-08 00:00:37] [solid] [solid] sampling: 0.6191s, real_hz=1654.09Hz
[2026-05-08 00:00:37] [solid] [solid] moment=16.82 dBA, Leq=16.83 dBA (2/100)
[2026-05-08 00:00:37] [solid] [solid] processing=0.0004s
[2026-05-08 00:00:37] [solid] [solid] 소음 기준 초과 없음
[2026-05-08 00:00:37] [solid] --------------------------------------------------
[2026-05-08 00:00:37] [solid] [solid] samples: [206, 220, 198, 208, 216] ...
[2026-05-08 00:00:37] [solid] [solid] sampling: 0.6182s, real_hz=1656.40Hz
[2026-05-08 00:00:37] [solid] [solid] moment=16.61 dBA, Leq=16.76 dBA (3/100)
[2026-05-08 00:00:37] [solid] [solid] processing=0.0003s
[2026-05-08 00:00:37] [solid] [solid] 소음 기준 초과 없음
[2026-05-08 00:00:38] [solid] --------------------------------------------------
[2026-05-08 00:00:38] [solid] [solid] samples: [214, 208, 216, 212, 202] ...
[2026-05-08 00:00:38] [solid] [solid] sampling: 0.6188s, real_hz=1654.85Hz
[2026-05-08 00:00:38] [solid] [solid] moment=16.54 dBA, Leq=16.71 dBA (4/100)
[2026-05-08 00:00:38] [solid] [solid] processing=0.0004s
[2026-05-08 00:00:38] [solid] [solid] 소음 기준 초과 없음
[2026-05-08 00:00:39] [solid] --------------------------------------------------
[2026-05-08 00:00:39] [solid] [solid] samples: [214, 224, 208, 212, 216] ...
[2026-05-08 00:00:39] [solid] [solid] sampling: 0.6182s, real_hz=1656.32Hz
[2026-05-08 00:00:39] [solid] [solid] moment=16.47 dBA, Leq=16.66 dBA (5/100)
[2026-05-08 00:00:39] [solid] [solid] processing=0.0004s
[2026-05-08 00:00:39] [solid] [solid] 소음 기준 초과 없음
[2026-05-08 00:00:39] [solid] --------------------------------------------------
[2026-05-08 00:00:39] [solid] [solid] samples: [202, 218, 212, 212, 202] ...
[2026-05-08 00:00:39] [solid] [solid] sampling: 0.6138s, real_hz=1668.17Hz
[2026-05-08 00:00:39] [solid] [solid] moment=16.37 dBA, Leq=16.61 dBA (6/100)
[2026-05-08 00:00:39] [solid] [solid] processing=0.0005s
[2026-05-08 00:00:39] [solid] [solid] 소음 기준 초과 없음
[2026-05-08 00:00:40] [solid] --------------------------------------------------
[2026-05-08 00:00:40] [solid] [solid] samples: [206, 208, 214, 216, 214] ...
[2026-05-08 00:00:40] [solid] [solid] sampling: 0.6191s, real_hz=1654.13Hz
[2026-05-08 00:00:40] [solid] [solid] moment=16.18 dBA, Leq=16.55 dBA (7/100)
[2026-05-08 00:00:40] [solid] [solid] processing=0.0005s
[2026-05-08 00:00:40] [solid] [solid] 소음 기준 초과 없음
[2026-05-08 00:00:40] [solid] --------------------------------------------------
[2026-05-08 00:00:40] [solid] [solid] samples: [218, 218, 214, 218, 214] ...
[2026-05-08 00:00:40] [solid] [solid] sampling: 0.6182s, real_hz=1656.45Hz
[2026-05-08 00:00:40] [solid] [solid] moment=16.21 dBA, Leq=16.51 dBA (8/100)
[2026-05-08 00:00:40] [solid] [solid] processing=0.0005s
[2026-05-08 00:00:40] [solid] [solid] 소음 기준 초과 없음
[2026-05-08 00:00:41] [solid] --------------------------------------------------
[2026-05-08 00:00:41] [solid] [solid] samples: [208, 208, 216, 212, 210] ...
[2026-05-08 00:00:41] [solid] [solid] sampling: 0.6191s, real_hz=1654.12Hz
[2026-05-08 00:00:41] [solid] [solid] moment=16.08 dBA, Leq=16.47 dBA (9/100)
[2026-05-08 00:00:41] [solid] [solid] processing=0.0005s
[2026-05-08 00:00:41] [solid] [solid] 소음 기준 초과 없음
[2026-05-08 00:00:42] [solid] --------------------------------------------------
[2026-05-08 00:00:42] [solid] [solid] samples: [204, 226, 208, 214, 222] ...
[2026-05-08 00:00:42] [solid] [solid] sampling: 0.6180s, real_hz=1656.94Hz
[2026-05-08 00:00:42] [solid] [solid] moment=16.10 dBA, Leq=16.43 dBA (10/100)
[2026-05-08 00:00:42] [solid] [solid] processing=0.0004s
[2026-05-08 00:00:42] [solid] [solid] 소음 기준 초과 없음
[2026-05-08 00:00:42] [solid] --------------------------------------------------
[2026-05-08 00:00:42] [solid] [solid] samples: [204, 212, 210, 216, 212] ...
[2026-05-08 00:00:42] [solid] [solid] sampling: 0.6139s, real_hz=1668.07Hz
[2026-05-08 00:00:42] [solid] [solid] moment=15.97 dBA, Leq=16.39 dBA (11/100)
[2026-05-08 00:00:42] [solid] [solid] processing=0.0006s
[2026-05-08 00:00:42] [solid] [solid] 소음 기준 초과 없음
[2026-05-08 00:00:43] [solid] --------------------------------------------------
[2026-05-08 00:00:43] [solid] [solid] samples: [224, 208, 218, 220, 224] ...
[2026-05-08 00:00:43] [solid] [solid] sampling: 0.6190s, real_hz=1654.28Hz
[2026-05-08 00:00:43] [solid] [solid] moment=15.94 dBA, Leq=16.36 dBA (12/100)
[2026-05-08 00:00:43] [solid] [solid] processing=0.0004s
[2026-05-08 00:00:43] [solid] [solid] 소음 기준 초과 없음
[2026-05-08 00:00:43] [solid] --------------------------------------------------
[2026-05-08 00:00:43] [solid] [solid] samples: [212, 208, 208, 214, 202] ...
[2026-05-08 00:00:43] [solid] [solid] sampling: 0.6182s, real_hz=1656.50Hz
[2026-05-08 00:00:43] [solid] [solid] moment=15.83 dBA, Leq=16.32 dBA (13/100)
[2026-05-08 00:00:43] [solid] [solid] processing=0.0005s
[2026-05-08 00:00:43] [solid] [solid] 소음 기준 초과 없음
[2026-05-08 00:00:44] [solid] --------------------------------------------------
[2026-05-08 00:00:44] [solid] [solid] samples: [212, 206, 210, 210, 218] ...
[2026-05-08 00:00:44] [solid] [solid] sampling: 0.6191s, real_hz=1654.12Hz
[2026-05-08 00:00:44] [solid] [solid] moment=15.74 dBA, Leq=16.28 dBA (14/100)
[2026-05-08 00:00:44] [solid] [solid] processing=0.0004s
[2026-05-08 00:00:44] [solid] [solid] 소음 기준 초과 없음
[2026-05-08 00:52:04] [solid] [log] solid 로그 시작
[2026-05-08 00:52:04] [solid] [log] 로그 폴더: /home/noise_project/noise_monitor_refactor/logs/solid
[2026-05-08 00:52:06] [solid] [solid] opened serial port /dev/ttyACM0 at 230400bps
[2026-05-08 00:52:06] [solid] --------------------------------------------------
[2026-05-08 00:52:06] [solid] [solid] samples: [220, 216, 206, 214, 196] ...
[2026-05-08 00:52:06] [solid] [solid] sampling: 0.6109s, real_hz=1676.28Hz
[2026-05-08 00:52:06] [solid] [solid] moment=82.04 dBA, Leq=82.04 dBA (1/100)
[2026-05-08 00:52:06] [solid] [solid] processing=0.0008s
[2026-05-08 00:52:07] [solid] [alarm] Discord 알림 전송 성공: 82.0 dB(A)
[2026-05-08 00:52:07] [solid] --------------------------------------------------
[2026-05-08 00:52:07] [solid] [solid] samples: [212, 214, 216, 222, 220] ...
[2026-05-08 00:52:07] [solid] [solid] sampling: 0.6152s, real_hz=1664.62Hz
[2026-05-08 00:52:07] [solid] [solid] moment=80.83 dBA, Leq=81.48 dBA (2/100)
[2026-05-08 00:52:07] [solid] [solid] processing=0.0004s
[2026-05-08 00:52:07] [solid] [alarm] Discord 알림 전송 성공: 82.0 dB(A)
[2026-05-08 00:52:07] [solid] --------------------------------------------------
[2026-05-08 00:52:07] [solid] [solid] samples: [216, 208, 200, 206, 206] ...
[2026-05-08 00:52:07] [solid] [solid] sampling: 0.6179s, real_hz=1657.27Hz
[2026-05-08 00:52:07] [solid] [solid] moment=80.46 dBA, Leq=81.16 dBA (3/100)
[2026-05-08 00:52:07] [solid] [solid] processing=0.0003s
[2026-05-08 00:52:07] [solid] [alarm] 쿨다운 중: ('solid', 'Lmax'), 80.5 dB(A)
[2026-05-08 00:52:07] [solid] [alarm] 쿨다운 중: ('solid', 'Leq'), 81.2 dB(A)
[2026-05-08 00:52:08] [solid] --------------------------------------------------
[2026-05-08 00:52:08] [solid] [solid] samples: [216, 202, 206, 214, 216] ...
[2026-05-08 00:52:08] [solid] [solid] sampling: 0.6152s, real_hz=1664.57Hz
[2026-05-08 00:52:08] [solid] [solid] moment=81.46 dBA, Leq=81.24 dBA (4/100)
[2026-05-08 00:52:08] [solid] [solid] processing=0.0003s
[2026-05-08 00:52:09] [solid] --------------------------------------------------
[2026-05-08 00:52:09] [solid] [solid] samples: [202, 202, 204, 206, 204] ...
[2026-05-08 00:52:09] [solid] [solid] sampling: 0.6179s, real_hz=1657.16Hz
[2026-05-08 00:52:09] [solid] [solid] moment=81.01 dBA, Leq=81.19 dBA (5/100)
[2026-05-08 00:52:09] [solid] [solid] processing=0.0005s
[2026-05-08 00:52:09] [solid] [alarm] 쿨다운 중: ('solid', 'Lmax'), 81.0 dB(A)
[2026-05-08 00:52:09] [solid] [alarm] 쿨다운 중: ('solid', 'Leq'), 81.2 dB(A)
[2026-05-08 00:52:09] [solid] --------------------------------------------------
[2026-05-08 00:52:09] [solid] [solid] samples: [200, 206, 206, 204, 210] ...
[2026-05-08 00:52:09] [solid] [solid] sampling: 0.6150s, real_hz=1665.00Hz
[2026-05-08 00:52:09] [solid] [solid] moment=81.54 dBA, Leq=81.25 dBA (6/100)
[2026-05-08 00:52:09] [solid] [solid] processing=0.0004s
[2026-05-08 00:52:10] [solid] --------------------------------------------------
[2026-05-08 00:52:10] [solid] [solid] samples: [222, 202, 208, 206, 208] ...
[2026-05-08 00:52:10] [solid] [solid] sampling: 0.6180s, real_hz=1656.83Hz
[2026-05-08 00:52:10] [solid] [solid] moment=81.12 dBA, Leq=81.23 dBA (7/100)
[2026-05-08 00:52:10] [solid] [solid] processing=0.0005s
[2026-05-08 00:52:10] [solid] [alarm] 쿨다운 중: ('solid', 'Lmax'), 81.1 dB(A)
[2026-05-08 00:52:10] [solid] [alarm] 쿨다운 중: ('solid', 'Leq'), 81.2 dB(A)
[2026-05-08 00:52:11] [solid] --------------------------------------------------
[2026-05-08 00:52:11] [solid] [solid] samples: [230, 210, 216, 220, 210] ...
[2026-05-08 00:52:11] [solid] [solid] sampling: 0.6180s, real_hz=1657.01Hz
[2026-05-08 00:52:11] [solid] [solid] moment=81.15 dBA, Leq=81.22 dBA (8/100)
[2026-05-08 00:52:11] [solid] [solid] processing=0.0005s
[2026-05-08 00:52:11] [solid] --------------------------------------------------
[2026-05-08 00:52:11] [solid] [solid] samples: [216, 208, 220, 218, 222] ...
[2026-05-08 00:52:11] [solid] [solid] sampling: 0.6151s, real_hz=1664.88Hz
[2026-05-08 00:52:11] [solid] [solid] moment=80.84 dBA, Leq=81.18 dBA (9/100)
[2026-05-08 00:52:11] [solid] [solid] processing=0.0004s
[2026-05-08 00:52:11] [solid] [alarm] 쿨다운 중: ('solid', 'Lmax'), 80.8 dB(A)
[2026-05-08 00:52:11] [solid] [alarm] 쿨다운 중: ('solid', 'Leq'), 81.2 dB(A)
[2026-05-08 00:52:12] [solid] --------------------------------------------------
[2026-05-08 00:52:12] [solid] [solid] samples: [198, 190, 204, 204, 216] ...
[2026-05-08 00:52:12] [solid] [solid] sampling: 0.6180s, real_hz=1657.00Hz
[2026-05-08 00:52:12] [solid] [solid] moment=81.71 dBA, Leq=81.24 dBA (10/100)
[2026-05-08 00:52:12] [solid] [solid] processing=0.0004s
[2026-05-08 00:52:12] [solid] --------------------------------------------------
[2026-05-08 00:52:12] [solid] [solid] samples: [200, 196, 204, 210, 204] ...
[2026-05-08 00:52:12] [solid] [solid] sampling: 0.6141s, real_hz=1667.36Hz
[2026-05-08 00:52:12] [solid] [solid] moment=80.80 dBA, Leq=81.20 dBA (11/100)
[2026-05-08 00:52:12] [solid] [solid] processing=0.0005s
[2026-05-08 00:52:12] [solid] [alarm] 쿨다운 중: ('solid', 'Lmax'), 80.8 dB(A)
[2026-05-08 00:52:12] [solid] [alarm] 쿨다운 중: ('solid', 'Leq'), 81.2 dB(A)
[2026-05-08 00:52:13] [solid] --------------------------------------------------
[2026-05-08 00:52:13] [solid] [solid] samples: [226, 218, 214, 220, 212] ...
[2026-05-08 00:52:13] [solid] [solid] sampling: 0.6189s, real_hz=1654.47Hz
[2026-05-08 00:52:13] [solid] [solid] moment=81.67 dBA, Leq=81.24 dBA (12/100)
[2026-05-08 00:52:13] [solid] [solid] processing=0.0005s
[2026-05-08 00:52:14] [solid] --------------------------------------------------
[2026-05-08 00:52:14] [solid] [solid] samples: [212, 208, 212, 220, 210] ...
[2026-05-08 00:52:14] [solid] [solid] sampling: 0.6140s, real_hz=1667.68Hz
[2026-05-08 00:52:14] [solid] [solid] moment=80.41 dBA, Leq=81.18 dBA (13/100)
[2026-05-08 00:52:14] [solid] [solid] processing=0.0003s
[2026-05-08 00:52:14] [solid] [alarm] 쿨다운 중: ('solid', 'Lmax'), 80.4 dB(A)
[2026-05-08 00:52:14] [solid] [alarm] 쿨다운 중: ('solid', 'Leq'), 81.2 dB(A)
[2026-05-08 00:52:14] [solid] --------------------------------------------------
[2026-05-08 00:52:14] [solid] [solid] samples: [214, 206, 202, 206, 212] ...
[2026-05-08 00:52:14] [solid] [solid] sampling: 0.6181s, real_hz=1656.74Hz
[2026-05-08 00:52:14] [solid] [solid] moment=81.70 dBA, Leq=81.22 dBA (14/100)
[2026-05-08 00:52:14] [solid] [solid] processing=0.0003s
